<?xml version="1.0" encoding="UTF-8"?>
<coverage generated="1695152041842" clover="3.2.0">
  <project timestamp="1695152041842" name="All files">
    <metrics statements="57" coveredstatements="28" conditionals="21" coveredconditionals="7" methods="14" coveredmethods="7" elements="92" coveredelements="42" complexity="0" loc="57" ncloc="57" packages="1" files="9" classes="9"/>
    <file name="Bowerman.js" path="/Users/dmitryababkov/Desktop/Нетология/ajs-homeworks/ci-template/src/js/Bowerman.js">
      <metrics statements="3" coveredstatements="0" conditionals="1" coveredconditionals="0" methods="1" coveredmethods="0"/>
      <line num="5" count="0" type="stmt"/>
      <line num="6" count="0" type="stmt"/>
      <line num="7" count="0" type="stmt"/>
    </file>
    <file name="Character.js" path="/Users/dmitryababkov/Desktop/Нетология/ajs-homeworks/ci-template/src/js/Character.js">
      <metrics statements="17" coveredstatements="5" conditionals="11" coveredconditionals="2" methods="3" coveredmethods="1"/>
      <line num="3" count="9" type="stmt"/>
      <line num="4" count="9" type="stmt"/>
      <line num="5" count="9" type="stmt"/>
      <line num="7" count="9" type="cond" truecount="2" falsecount="3"/>
      <line num="8" count="0" type="stmt"/>
      <line num="10" count="9" type="stmt"/>
      <line num="13" count="0" type="cond" truecount="0" falsecount="2"/>
      <line num="14" count="0" type="stmt"/>
      <line num="16" count="0" type="stmt"/>
      <line num="21" count="0" type="cond" truecount="0" falsecount="2"/>
      <line num="22" count="0" type="stmt"/>
      <line num="23" count="0" type="stmt"/>
      <line num="24" count="0" type="stmt"/>
      <line num="25" count="0" type="stmt"/>
      <line num="27" count="0" type="stmt"/>
      <line num="32" count="0" type="cond" truecount="0" falsecount="2"/>
      <line num="33" count="0" type="stmt"/>
    </file>
    <file name="Daemon.js" path="/Users/dmitryababkov/Desktop/Нетология/ajs-homeworks/ci-template/src/js/Daemon.js">
      <metrics statements="3" coveredstatements="0" conditionals="1" coveredconditionals="0" methods="1" coveredmethods="0"/>
      <line num="5" count="0" type="stmt"/>
      <line num="6" count="0" type="stmt"/>
      <line num="7" count="0" type="stmt"/>
    </file>
    <file name="Magician.js" path="/Users/dmitryababkov/Desktop/Нетология/ajs-homeworks/ci-template/src/js/Magician.js">
      <metrics statements="3" coveredstatements="1" conditionals="1" coveredconditionals="1" methods="1" coveredmethods="1"/>
      <line num="6" count="4" type="stmt"/>
      <line num="7" count="0" type="stmt"/>
      <line num="8" count="0" type="stmt"/>
    </file>
    <file name="Swordsman.js" path="/Users/dmitryababkov/Desktop/Нетология/ajs-homeworks/ci-template/src/js/Swordsman.js">
      <metrics statements="3" coveredstatements="0" conditionals="1" coveredconditionals="0" methods="1" coveredmethods="0"/>
      <line num="5" count="0" type="stmt"/>
      <line num="6" count="0" type="stmt"/>
      <line num="7" count="0" type="stmt"/>
    </file>
    <file name="Undead.js" path="/Users/dmitryababkov/Desktop/Нетология/ajs-homeworks/ci-template/src/js/Undead.js">
      <metrics statements="3" coveredstatements="0" conditionals="1" coveredconditionals="0" methods="1" coveredmethods="0"/>
      <line num="5" count="0" type="stmt"/>
      <line num="6" count="0" type="stmt"/>
      <line num="7" count="0" type="stmt"/>
    </file>
    <file name="Zombie.js" path="/Users/dmitryababkov/Desktop/Нетология/ajs-homeworks/ci-template/src/js/Zombie.js">
      <metrics statements="3" coveredstatements="0" conditionals="1" coveredconditionals="0" methods="1" coveredmethods="0"/>
      <line num="5" count="0" type="stmt"/>
      <line num="6" count="0" type="stmt"/>
      <line num="7" count="0" type="stmt"/>
    </file>
    <file name="destructuring.js" path="/Users/dmitryababkov/Desktop/Нетология/ajs-homeworks/ci-template/src/js/destructuring.js">
      <metrics statements="9" coveredstatements="9" conditionals="2" coveredconditionals="2" methods="2" coveredmethods="2"/>
      <line num="2" count="1" type="stmt"/>
      <line num="26" count="2" type="stmt"/>
      <line num="27" count="2" type="stmt"/>
      <line num="28" count="2" type="stmt"/>
      <line num="29" count="7" type="stmt"/>
      <line num="31" count="2" type="cond" truecount="2" falsecount="0"/>
      <line num="32" count="1" type="stmt"/>
      <line num="34" count="2" type="stmt"/>
      <line num="38" count="1" type="stmt"/>
    </file>
    <file name="forin.js" path="/Users/dmitryababkov/Desktop/Нетология/ajs-homeworks/ci-template/src/js/forin.js">
      <metrics statements="13" coveredstatements="13" conditionals="2" coveredconditionals="2" methods="3" coveredmethods="3"/>
      <line num="1" count="1" type="stmt"/>
      <line num="12" count="4" type="stmt"/>
      <line num="13" count="4" type="stmt"/>
      <line num="15" count="15" type="stmt"/>
      <line num="19" count="15" type="stmt"/>
      <line num="21" count="4" type="stmt"/>
      <line num="22" count="15" type="cond" truecount="2" falsecount="0"/>
      <line num="23" count="4" type="stmt"/>
      <line num="25" count="11" type="stmt"/>
      <line num="28" count="17" type="stmt"/>
      <line num="29" count="4" type="stmt"/>
      <line num="30" count="4" type="stmt"/>
      <line num="32" count="1" type="stmt"/>
    </file>
  </project>
</coverage>
