{"/Users/dmitryababkov/Desktop/Нетология/ajs-homeworks/ci-template/src/js/Bowerman.js": {"path":"/Users/dmitryababkov/Desktop/Нетология/ajs-homeworks/ci-template/src/js/Bowerman.js","statementMap":{"0":{"start":{"line":5,"column":4},"end":{"line":5,"column":22}},"1":{"start":{"line":6,"column":4},"end":{"line":6,"column":21}},"2":{"start":{"line":7,"column":4},"end":{"line":7,"column":22}}},"fnMap":{"0":{"name":"(anonymous_0)","decl":{"start":{"line":4,"column":2},"end":{"line":4,"column":3}},"loc":{"start":{"line":4,"column":39},"end":{"line":8,"column":3}},"line":4}},"branchMap":{"0":{"loc":{"start":{"line":4,"column":20},"end":{"line":4,"column":37}},"type":"default-arg","locations":[{"start":{"line":4,"column":27},"end":{"line":4,"column":37}}],"line":4}},"s":{"0":0,"1":0,"2":0},"f":{"0":0},"b":{"0":[0]},"_coverageSchema":"1a1c01bbd47fc00a2c39e90264f33305004495a9","hash":"17097b211d649ec91f335abac0f8d8218d9db732"}
,"/Users/dmitryababkov/Desktop/Нетология/ajs-homeworks/ci-template/src/js/Character.js": {"path":"/Users/dmitryababkov/Desktop/Нетология/ajs-homeworks/ci-template/src/js/Character.js","statementMap":{"0":{"start":{"line":3,"column":23},"end":{"line":3,"column":88}},"1":{"start":{"line":4,"column":4},"end":{"line":4,"column":22}},"2":{"start":{"line":5,"column":4},"end":{"line":5,"column":19}},"3":{"start":{"line":7,"column":4},"end":{"line":11,"column":5}},"4":{"start":{"line":8,"column":6},"end":{"line":8,"column":23}},"5":{"start":{"line":10,"column":6},"end":{"line":10,"column":42}},"6":{"start":{"line":13,"column":4},"end":{"line":17,"column":5}},"7":{"start":{"line":14,"column":6},"end":{"line":14,"column":23}},"8":{"start":{"line":16,"column":6},"end":{"line":16,"column":42}},"9":{"start":{"line":21,"column":4},"end":{"line":28,"column":5}},"10":{"start":{"line":22,"column":6},"end":{"line":22,"column":22}},"11":{"start":{"line":23,"column":6},"end":{"line":23,"column":25}},"12":{"start":{"line":24,"column":6},"end":{"line":24,"column":26}},"13":{"start":{"line":25,"column":6},"end":{"line":25,"column":24}},"14":{"start":{"line":27,"column":6},"end":{"line":27,"column":56}},"15":{"start":{"line":32,"column":4},"end":{"line":34,"column":5}},"16":{"start":{"line":33,"column":6},"end":{"line":33,"column":55}}},"fnMap":{"0":{"name":"(anonymous_0)","decl":{"start":{"line":2,"column":2},"end":{"line":2,"column":3}},"loc":{"start":{"line":2,"column":26},"end":{"line":18,"column":3}},"line":2},"1":{"name":"(anonymous_1)","decl":{"start":{"line":20,"column":2},"end":{"line":20,"column":3}},"loc":{"start":{"line":20,"column":12},"end":{"line":29,"column":3}},"line":20},"2":{"name":"(anonymous_2)","decl":{"start":{"line":31,"column":2},"end":{"line":31,"column":3}},"loc":{"start":{"line":31,"column":17},"end":{"line":35,"column":3}},"line":31}},"branchMap":{"0":{"loc":{"start":{"line":7,"column":4},"end":{"line":11,"column":5}},"type":"if","locations":[{"start":{"line":7,"column":4},"end":{"line":11,"column":5}},{"start":{"line":9,"column":11},"end":{"line":11,"column":5}}],"line":7},"1":{"loc":{"start":{"line":7,"column":8},"end":{"line":7,"column":66}},"type":"binary-expr","locations":[{"start":{"line":7,"column":8},"end":{"line":7,"column":25}},{"start":{"line":7,"column":29},"end":{"line":7,"column":45}},{"start":{"line":7,"column":49},"end":{"line":7,"column":66}}],"line":7},"2":{"loc":{"start":{"line":13,"column":4},"end":{"line":17,"column":5}},"type":"if","locations":[{"start":{"line":13,"column":4},"end":{"line":17,"column":5}},{"start":{"line":15,"column":11},"end":{"line":17,"column":5}}],"line":13},"3":{"loc":{"start":{"line":21,"column":4},"end":{"line":28,"column":5}},"type":"if","locations":[{"start":{"line":21,"column":4},"end":{"line":28,"column":5}},{"start":{"line":26,"column":11},"end":{"line":28,"column":5}}],"line":21},"4":{"loc":{"start":{"line":32,"column":4},"end":{"line":34,"column":5}},"type":"if","locations":[{"start":{"line":32,"column":4},"end":{"line":34,"column":5}},{"start":{},"end":{}}],"line":32}},"s":{"0":9,"1":9,"2":9,"3":9,"4":0,"5":9,"6":0,"7":0,"8":0,"9":0,"10":0,"11":0,"12":0,"13":0,"14":0,"15":0,"16":0},"f":{"0":9,"1":0,"2":0},"b":{"0":[0,9],"1":[9,0,0],"2":[0,0],"3":[0,0],"4":[0,0]},"_coverageSchema":"1a1c01bbd47fc00a2c39e90264f33305004495a9","hash":"35ec40fdee5697e041c972afc2c5d71f09b0739b"}
,"/Users/dmitryababkov/Desktop/Нетология/ajs-homeworks/ci-template/src/js/Daemon.js": {"path":"/Users/dmitryababkov/Desktop/Нетология/ajs-homeworks/ci-template/src/js/Daemon.js","statementMap":{"0":{"start":{"line":5,"column":4},"end":{"line":5,"column":22}},"1":{"start":{"line":6,"column":4},"end":{"line":6,"column":21}},"2":{"start":{"line":7,"column":4},"end":{"line":7,"column":22}}},"fnMap":{"0":{"name":"(anonymous_0)","decl":{"start":{"line":4,"column":2},"end":{"line":4,"column":3}},"loc":{"start":{"line":4,"column":37},"end":{"line":8,"column":3}},"line":4}},"branchMap":{"0":{"loc":{"start":{"line":4,"column":20},"end":{"line":4,"column":35}},"type":"default-arg","locations":[{"start":{"line":4,"column":27},"end":{"line":4,"column":35}}],"line":4}},"s":{"0":0,"1":0,"2":0},"f":{"0":0},"b":{"0":[0]},"_coverageSchema":"1a1c01bbd47fc00a2c39e90264f33305004495a9","hash":"1482b5bf1397537b62b8efd1dd4cfacf271514c0"}
,"/Users/dmitryababkov/Desktop/Нетология/ajs-homeworks/ci-template/src/js/Magician.js": {"path":"/Users/dmitryababkov/Desktop/Нетология/ajs-homeworks/ci-template/src/js/Magician.js","statementMap":{"0":{"start":{"line":6,"column":4},"end":{"line":6,"column":22}},"1":{"start":{"line":7,"column":4},"end":{"line":7,"column":21}},"2":{"start":{"line":8,"column":4},"end":{"line":8,"column":22}}},"fnMap":{"0":{"name":"(anonymous_0)","decl":{"start":{"line":5,"column":2},"end":{"line":5,"column":3}},"loc":{"start":{"line":5,"column":39},"end":{"line":9,"column":3}},"line":5}},"branchMap":{"0":{"loc":{"start":{"line":5,"column":20},"end":{"line":5,"column":37}},"type":"default-arg","locations":[{"start":{"line":5,"column":27},"end":{"line":5,"column":37}}],"line":5}},"s":{"0":4,"1":0,"2":0},"f":{"0":4},"b":{"0":[4]},"_coverageSchema":"1a1c01bbd47fc00a2c39e90264f33305004495a9","hash":"3d22af912ac1cf0a81dc702db6ba007ce92b2b38"}
,"/Users/dmitryababkov/Desktop/Нетология/ajs-homeworks/ci-template/src/js/Swordsman.js": {"path":"/Users/dmitryababkov/Desktop/Нетология/ajs-homeworks/ci-template/src/js/Swordsman.js","statementMap":{"0":{"start":{"line":5,"column":4},"end":{"line":5,"column":22}},"1":{"start":{"line":6,"column":4},"end":{"line":6,"column":21}},"2":{"start":{"line":7,"column":4},"end":{"line":7,"column":22}}},"fnMap":{"0":{"name":"(anonymous_0)","decl":{"start":{"line":4,"column":2},"end":{"line":4,"column":3}},"loc":{"start":{"line":4,"column":40},"end":{"line":8,"column":3}},"line":4}},"branchMap":{"0":{"loc":{"start":{"line":4,"column":20},"end":{"line":4,"column":38}},"type":"default-arg","locations":[{"start":{"line":4,"column":27},"end":{"line":4,"column":38}}],"line":4}},"s":{"0":0,"1":0,"2":0},"f":{"0":0},"b":{"0":[0]},"_coverageSchema":"1a1c01bbd47fc00a2c39e90264f33305004495a9","hash":"dc64051f2deae9f7ed3925b2e26815835686e792"}
,"/Users/dmitryababkov/Desktop/Нетология/ajs-homeworks/ci-template/src/js/Undead.js": {"path":"/Users/dmitryababkov/Desktop/Нетология/ajs-homeworks/ci-template/src/js/Undead.js","statementMap":{"0":{"start":{"line":5,"column":4},"end":{"line":5,"column":22}},"1":{"start":{"line":6,"column":4},"end":{"line":6,"column":21}},"2":{"start":{"line":7,"column":4},"end":{"line":7,"column":22}}},"fnMap":{"0":{"name":"(anonymous_0)","decl":{"start":{"line":4,"column":2},"end":{"line":4,"column":3}},"loc":{"start":{"line":4,"column":37},"end":{"line":8,"column":3}},"line":4}},"branchMap":{"0":{"loc":{"start":{"line":4,"column":20},"end":{"line":4,"column":35}},"type":"default-arg","locations":[{"start":{"line":4,"column":27},"end":{"line":4,"column":35}}],"line":4}},"s":{"0":0,"1":0,"2":0},"f":{"0":0},"b":{"0":[0]},"_coverageSchema":"1a1c01bbd47fc00a2c39e90264f33305004495a9","hash":"a9476faa2f09ae6449f88f0bb1f644c0aea9c393"}
,"/Users/dmitryababkov/Desktop/Нетология/ajs-homeworks/ci-template/src/js/UserName.js": {"path":"/Users/dmitryababkov/Desktop/Нетология/ajs-homeworks/ci-template/src/js/UserName.js","statementMap":{"0":{"start":{"line":3,"column":4},"end":{"line":3,"column":21}},"1":{"start":{"line":7,"column":4},"end":{"line":7,"column":83}},"2":{"start":{"line":11,"column":13},"end":{"line":11,"column":35}},"3":{"start":{"line":12,"column":0},"end":{"line":12,"column":37}}},"fnMap":{"0":{"name":"(anonymous_0)","decl":{"start":{"line":2,"column":2},"end":{"line":2,"column":3}},"loc":{"start":{"line":2,"column":20},"end":{"line":4,"column":3}},"line":2},"1":{"name":"(anonymous_1)","decl":{"start":{"line":6,"column":2},"end":{"line":6,"column":3}},"loc":{"start":{"line":6,"column":21},"end":{"line":8,"column":3}},"line":6}},"branchMap":{},"s":{"0":4,"1":3,"2":1,"3":1},"f":{"0":4,"1":3},"b":{},"_coverageSchema":"1a1c01bbd47fc00a2c39e90264f33305004495a9","hash":"8e15e9cfdba94f58ba1be231a47d5e98d7737865"}
,"/Users/dmitryababkov/Desktop/Нетология/ajs-homeworks/ci-template/src/js/Zombie.js": {"path":"/Users/dmitryababkov/Desktop/Нетология/ajs-homeworks/ci-template/src/js/Zombie.js","statementMap":{"0":{"start":{"line":5,"column":4},"end":{"line":5,"column":22}},"1":{"start":{"line":6,"column":4},"end":{"line":6,"column":21}},"2":{"start":{"line":7,"column":4},"end":{"line":7,"column":22}}},"fnMap":{"0":{"name":"(anonymous_0)","decl":{"start":{"line":4,"column":2},"end":{"line":4,"column":3}},"loc":{"start":{"line":4,"column":37},"end":{"line":8,"column":3}},"line":4}},"branchMap":{"0":{"loc":{"start":{"line":4,"column":20},"end":{"line":4,"column":35}},"type":"default-arg","locations":[{"start":{"line":4,"column":27},"end":{"line":4,"column":35}}],"line":4}},"s":{"0":0,"1":0,"2":0},"f":{"0":0},"b":{"0":[0]},"_coverageSchema":"1a1c01bbd47fc00a2c39e90264f33305004495a9","hash":"6abe6470300880e47418825314480853a1749946"}
,"/Users/dmitryababkov/Desktop/Нетология/ajs-homeworks/ci-template/src/js/destructuring.js": {"path":"/Users/dmitryababkov/Desktop/Нетология/ajs-homeworks/ci-template/src/js/destructuring.js","statementMap":{"0":{"start":{"line":1,"column":18},"end":{"line":21,"column":1}},"1":{"start":{"line":24,"column":14},"end":{"line":24,"column":16}},"2":{"start":{"line":25,"column":2},"end":{"line":36,"column":5}},"3":{"start":{"line":26,"column":17},"end":{"line":31,"column":5}},"4":{"start":{"line":32,"column":4},"end":{"line":34,"column":5}},"5":{"start":{"line":33,"column":6},"end":{"line":33,"column":47}},"6":{"start":{"line":35,"column":4},"end":{"line":35,"column":19}},"7":{"start":{"line":39,"column":0},"end":{"line":39,"column":28}}},"fnMap":{"0":{"name":"destructoringObj","decl":{"start":{"line":23,"column":24},"end":{"line":23,"column":40}},"loc":{"start":{"line":23,"column":46},"end":{"line":37,"column":1}},"line":23},"1":{"name":"(anonymous_1)","decl":{"start":{"line":25,"column":22},"end":{"line":25,"column":23}},"loc":{"start":{"line":25,"column":32},"end":{"line":36,"column":3}},"line":25}},"branchMap":{"0":{"loc":{"start":{"line":32,"column":4},"end":{"line":34,"column":5}},"type":"if","locations":[{"start":{"line":32,"column":4},"end":{"line":34,"column":5}},{"start":{},"end":{}}],"line":32}},"s":{"0":1,"1":2,"2":2,"3":2,"4":2,"5":1,"6":2,"7":1},"f":{"0":2,"1":2},"b":{"0":[1,1]},"_coverageSchema":"1a1c01bbd47fc00a2c39e90264f33305004495a9","hash":"a730dcf6fce2621a851892f8e2c6bab2f4c6a6f6"}
,"/Users/dmitryababkov/Desktop/Нетология/ajs-homeworks/ci-template/src/js/forin.js": {"path":"/Users/dmitryababkov/Desktop/Нетология/ajs-homeworks/ci-template/src/js/forin.js","statementMap":{"0":{"start":{"line":1,"column":12},"end":{"line":1,"column":75}},"1":{"start":{"line":4,"column":14},"end":{"line":4,"column":16}},"2":{"start":{"line":5,"column":15},"end":{"line":5,"column":17}},"3":{"start":{"line":7,"column":22},"end":{"line":10,"column":5}},"4":{"start":{"line":11,"column":4},"end":{"line":11,"column":24}},"5":{"start":{"line":13,"column":2},"end":{"line":19,"column":3}},"6":{"start":{"line":14,"column":4},"end":{"line":18,"column":5}},"7":{"start":{"line":15,"column":6},"end":{"line":15,"column":26}},"8":{"start":{"line":17,"column":6},"end":{"line":17,"column":27}},"9":{"start":{"line":20,"column":2},"end":{"line":20,"column":50}},"10":{"start":{"line":20,"column":22},"end":{"line":20,"column":48}},"11":{"start":{"line":21,"column":17},"end":{"line":21,"column":34}},"12":{"start":{"line":22,"column":2},"end":{"line":22,"column":22}},"13":{"start":{"line":24,"column":0},"end":{"line":24,"column":37}}},"fnMap":{"0":{"name":"orderByProps","decl":{"start":{"line":3,"column":24},"end":{"line":3,"column":36}},"loc":{"start":{"line":3,"column":48},"end":{"line":23,"column":1}},"line":3},"1":{"name":"createObj","decl":{"start":{"line":6,"column":11},"end":{"line":6,"column":20}},"loc":{"start":{"line":6,"column":31},"end":{"line":12,"column":3}},"line":6},"2":{"name":"(anonymous_2)","decl":{"start":{"line":20,"column":12},"end":{"line":20,"column":13}},"loc":{"start":{"line":20,"column":22},"end":{"line":20,"column":48}},"line":20}},"branchMap":{"0":{"loc":{"start":{"line":14,"column":4},"end":{"line":18,"column":5}},"type":"if","locations":[{"start":{"line":14,"column":4},"end":{"line":18,"column":5}},{"start":{"line":16,"column":11},"end":{"line":18,"column":5}}],"line":14}},"s":{"0":1,"1":4,"2":4,"3":15,"4":15,"5":4,"6":15,"7":4,"8":11,"9":4,"10":17,"11":4,"12":4,"13":1},"f":{"0":4,"1":15,"2":17},"b":{"0":[4,11]},"_coverageSchema":"1a1c01bbd47fc00a2c39e90264f33305004495a9","hash":"b1a0f5098e397d5c10abb04b8a75e20452579768"}
,"/Users/dmitryababkov/Desktop/Нетология/ajs-homeworks/ci-template/src/js/map*.js": {"path":"/Users/dmitryababkov/Desktop/Нетология/ajs-homeworks/ci-template/src/js/map*.js","statementMap":{"0":{"start":{"line":1,"column":20},"end":{"line":1,"column":37}},"1":{"start":{"line":2,"column":20},"end":{"line":2,"column":54}},"2":{"start":{"line":3,"column":25},"end":{"line":3,"column":56}},"3":{"start":{"line":7,"column":4},"end":{"line":7,"column":93}},"4":{"start":{"line":11,"column":4},"end":{"line":13,"column":5}},"5":{"start":{"line":12,"column":6},"end":{"line":12,"column":57}},"6":{"start":{"line":17,"column":21},"end":{"line":17,"column":32}},"7":{"start":{"line":19,"column":4},"end":{"line":19,"column":53}},"8":{"start":{"line":20,"column":4},"end":{"line":20,"column":53}},"9":{"start":{"line":21,"column":4},"end":{"line":21,"column":63}},"10":{"start":{"line":23,"column":4},"end":{"line":23,"column":24}},"11":{"start":{"line":27,"column":13},"end":{"line":27,"column":27}},"12":{"start":{"line":29,"column":0},"end":{"line":29,"column":53}}},"fnMap":{"0":{"name":"(anonymous_0)","decl":{"start":{"line":6,"column":2},"end":{"line":6,"column":3}},"loc":{"start":{"line":6,"column":16},"end":{"line":8,"column":3}},"line":6},"1":{"name":"(anonymous_1)","decl":{"start":{"line":10,"column":2},"end":{"line":10,"column":3}},"loc":{"start":{"line":10,"column":35},"end":{"line":14,"column":3}},"line":10},"2":{"name":"(anonymous_2)","decl":{"start":{"line":16,"column":2},"end":{"line":16,"column":3}},"loc":{"start":{"line":16,"column":19},"end":{"line":24,"column":3}},"line":16}},"branchMap":{"0":{"loc":{"start":{"line":11,"column":4},"end":{"line":13,"column":5}},"type":"if","locations":[{"start":{"line":11,"column":4},"end":{"line":13,"column":5}},{"start":{},"end":{}}],"line":11}},"s":{"0":1,"1":1,"2":1,"3":5,"4":3,"5":1,"6":1,"7":1,"8":1,"9":1,"10":1,"11":1,"12":1},"f":{"0":5,"1":3,"2":1},"b":{"0":[1,2]},"_coverageSchema":"1a1c01bbd47fc00a2c39e90264f33305004495a9","hash":"3ba963cdfc989e42838af028550738018cd0646f"}
,"/Users/dmitryababkov/Desktop/Нетология/ajs-homeworks/ci-template/src/js/map.js": {"path":"/Users/dmitryababkov/Desktop/Нетология/ajs-homeworks/ci-template/src/js/map.js","statementMap":{"0":{"start":{"line":5,"column":8},"end":{"line":5,"column":31}},"1":{"start":{"line":9,"column":8},"end":{"line":13,"column":9}},"2":{"start":{"line":10,"column":12},"end":{"line":10,"column":46}},"3":{"start":{"line":12,"column":12},"end":{"line":12,"column":35}},"4":{"start":{"line":16,"column":8},"end":{"line":16,"column":34}},"5":{"start":{"line":20,"column":18},"end":{"line":20,"column":39}},"6":{"start":{"line":21,"column":0},"end":{"line":21,"column":38}},"7":{"start":{"line":22,"column":0},"end":{"line":22,"column":24}}},"fnMap":{"0":{"name":"(anonymous_0)","decl":{"start":{"line":4,"column":4},"end":{"line":4,"column":5}},"loc":{"start":{"line":4,"column":18},"end":{"line":6,"column":5}},"line":4},"1":{"name":"(anonymous_1)","decl":{"start":{"line":8,"column":4},"end":{"line":8,"column":5}},"loc":{"start":{"line":8,"column":20},"end":{"line":14,"column":5}},"line":8},"2":{"name":"(anonymous_2)","decl":{"start":{"line":15,"column":4},"end":{"line":15,"column":5}},"loc":{"start":{"line":15,"column":24},"end":{"line":17,"column":5}},"line":15}},"branchMap":{"0":{"loc":{"start":{"line":9,"column":8},"end":{"line":13,"column":9}},"type":"if","locations":[{"start":{"line":9,"column":8},"end":{"line":13,"column":9}},{"start":{"line":11,"column":15},"end":{"line":13,"column":9}}],"line":9}},"s":{"0":4,"1":4,"2":2,"3":2,"4":4,"5":1,"6":1,"7":1},"f":{"0":4,"1":4,"2":4},"b":{"0":[2,2]},"_coverageSchema":"1a1c01bbd47fc00a2c39e90264f33305004495a9","hash":"a6c6e3ca6b2c2499a7600d53880072930fe47a18"}
,"/Users/dmitryababkov/Desktop/Нетология/ajs-homeworks/ci-template/src/js/phone.js": {"path":"/Users/dmitryababkov/Desktop/Нетология/ajs-homeworks/ci-template/src/js/phone.js","statementMap":{"0":{"start":{"line":2,"column":18},"end":{"line":2,"column":43}},"1":{"start":{"line":3,"column":2},"end":{"line":5,"column":3}},"2":{"start":{"line":4,"column":4},"end":{"line":4,"column":41}},"3":{"start":{"line":6,"column":2},"end":{"line":6,"column":25}},"4":{"start":{"line":7,"column":2},"end":{"line":7,"column":25}},"5":{"start":{"line":11,"column":0},"end":{"line":11,"column":33}},"6":{"start":{"line":12,"column":0},"end":{"line":12,"column":32}},"7":{"start":{"line":13,"column":0},"end":{"line":13,"column":32}}},"fnMap":{"0":{"name":"phoneChange","decl":{"start":{"line":1,"column":24},"end":{"line":1,"column":35}},"loc":{"start":{"line":1,"column":41},"end":{"line":8,"column":1}},"line":1}},"branchMap":{"0":{"loc":{"start":{"line":3,"column":2},"end":{"line":5,"column":3}},"type":"if","locations":[{"start":{"line":3,"column":2},"end":{"line":5,"column":3}},{"start":{},"end":{}}],"line":3}},"s":{"0":4,"1":3,"2":2,"3":3,"4":3,"5":1,"6":1,"7":1},"f":{"0":4},"b":{"0":[2,1]},"_coverageSchema":"1a1c01bbd47fc00a2c39e90264f33305004495a9","hash":"ea1b5da0aad12d3e23e26370ce246330a6ad28de"}
,"/Users/dmitryababkov/Desktop/Нетология/ajs-homeworks/ci-template/src/js/set.js": {"path":"/Users/dmitryababkov/Desktop/Нетология/ajs-homeworks/ci-template/src/js/set.js","statementMap":{"0":{"start":{"line":5,"column":8},"end":{"line":5,"column":33}},"1":{"start":{"line":9,"column":8},"end":{"line":11,"column":9}},"2":{"start":{"line":10,"column":10},"end":{"line":10,"column":53}},"3":{"start":{"line":12,"column":8},"end":{"line":12,"column":36}},"4":{"start":{"line":16,"column":8},"end":{"line":18,"column":9}},"5":{"start":{"line":17,"column":12},"end":{"line":17,"column":35}},"6":{"start":{"line":22,"column":8},"end":{"line":22,"column":40}}},"fnMap":{"0":{"name":"(anonymous_0)","decl":{"start":{"line":4,"column":4},"end":{"line":4,"column":5}},"loc":{"start":{"line":4,"column":18},"end":{"line":6,"column":5}},"line":4},"1":{"name":"(anonymous_1)","decl":{"start":{"line":8,"column":4},"end":{"line":8,"column":5}},"loc":{"start":{"line":8,"column":19},"end":{"line":13,"column":7}},"line":8},"2":{"name":"(anonymous_2)","decl":{"start":{"line":15,"column":4},"end":{"line":15,"column":5}},"loc":{"start":{"line":15,"column":26},"end":{"line":19,"column":5}},"line":15},"3":{"name":"(anonymous_3)","decl":{"start":{"line":21,"column":4},"end":{"line":21,"column":5}},"loc":{"start":{"line":21,"column":14},"end":{"line":23,"column":5}},"line":21}},"branchMap":{"0":{"loc":{"start":{"line":9,"column":8},"end":{"line":11,"column":9}},"type":"if","locations":[{"start":{"line":9,"column":8},"end":{"line":11,"column":9}},{"start":{},"end":{}}],"line":9}},"s":{"0":4,"1":3,"2":1,"3":2,"4":1,"5":3,"6":2},"f":{"0":4,"1":3,"2":1,"3":2},"b":{"0":[1,2]},"_coverageSchema":"1a1c01bbd47fc00a2c39e90264f33305004495a9","hash":"e027f0a70b97a3682afea1f17b132f45514319e6"}
}
