TN:
SF:ci-template/src/js/Bowerman.js
FN:4,(anonymous_0)
FNF:1
FNH:0
FNDA:0,(anonymous_0)
DA:5,0
DA:6,0
DA:7,0
LF:3
LH:0
BRDA:4,0,0,0
BRF:1
BRH:0
end_of_record
TN:
SF:ci-template/src/js/Character.js
FN:2,(anonymous_0)
FN:20,(anonymous_1)
FN:31,(anonymous_2)
FNF:3
FNH:1
FNDA:9,(anonymous_0)
FNDA:0,(anonymous_1)
FNDA:0,(anonymous_2)
DA:3,9
DA:4,9
DA:5,9
DA:7,9
DA:8,0
DA:10,9
DA:13,0
DA:14,0
DA:16,0
DA:21,0
DA:22,0
DA:23,0
DA:24,0
DA:25,0
DA:27,0
DA:32,0
DA:33,0
LF:17
LH:5
BRDA:7,0,0,0
BRDA:7,0,1,9
BRDA:7,1,0,9
BRDA:7,1,1,0
BRDA:7,1,2,0
BRDA:13,2,0,0
BRDA:13,2,1,0
BRDA:21,3,0,0
BRDA:21,3,1,0
BRDA:32,4,0,0
BRDA:32,4,1,0
BRF:11
BRH:2
end_of_record
TN:
SF:ci-template/src/js/Daemon.js
FN:4,(anonymous_0)
FNF:1
FNH:0
FNDA:0,(anonymous_0)
DA:5,0
DA:6,0
DA:7,0
LF:3
LH:0
BRDA:4,0,0,0
BRF:1
BRH:0
end_of_record
TN:
SF:ci-template/src/js/Magician.js
FN:5,(anonymous_0)
FNF:1
FNH:1
FNDA:4,(anonymous_0)
DA:6,4
DA:7,0
DA:8,0
LF:3
LH:1
BRDA:5,0,0,4
BRF:1
BRH:1
end_of_record
TN:
SF:ci-template/src/js/Swordsman.js
FN:4,(anonymous_0)
FNF:1
FNH:0
FNDA:0,(anonymous_0)
DA:5,0
DA:6,0
DA:7,0
LF:3
LH:0
BRDA:4,0,0,0
BRF:1
BRH:0
end_of_record
TN:
SF:ci-template/src/js/Undead.js
FN:4,(anonymous_0)
FNF:1
FNH:0
FNDA:0,(anonymous_0)
DA:5,0
DA:6,0
DA:7,0
LF:3
LH:0
BRDA:4,0,0,0
BRF:1
BRH:0
end_of_record
TN:
SF:ci-template/src/js/Zombie.js
FN:4,(anonymous_0)
FNF:1
FNH:0
FNDA:0,(anonymous_0)
DA:5,0
DA:6,0
DA:7,0
LF:3
LH:0
BRDA:4,0,0,0
BRF:1
BRH:0
end_of_record
TN:
SF:ci-template/src/js/destructuring.js
FN:25,destructoringObj
FN:26,(anonymous_1)
FNF:2
FNH:2
FNDA:2,destructoringObj
FNDA:2,(anonymous_1)
DA:2,1
DA:26,2
DA:27,2
DA:28,2
DA:29,7
DA:31,2
DA:32,1
DA:34,2
DA:38,1
LF:9
LH:9
BRDA:31,0,0,1
BRDA:31,0,1,1
BRF:2
BRH:2
end_of_record
TN:
SF:ci-template/src/js/forin.js
FN:11,orderByProps
FN:14,createObj
FN:28,(anonymous_2)
FNF:3
FNH:3
FNDA:4,orderByProps
FNDA:15,createObj
FNDA:17,(anonymous_2)
DA:1,1
DA:12,4
DA:13,4
DA:15,15
DA:19,15
DA:21,4
DA:22,15
DA:23,4
DA:25,11
DA:28,17
DA:29,4
DA:30,4
DA:32,1
LF:13
LH:13
BRDA:22,0,0,4
BRDA:22,0,1,11
BRF:2
BRH:2
end_of_record
